Build started 2014-10-20 오전 3:02:11.
     1>Project "C:\Users\solution\Documents\GitHub\Block_Stack\Project2\Project2\Project2.vcxproj" on node 2 (build target(s)).
     1>InitializeBuildStatus:
         Creating "Debug\Project2.unsuccessfulbuild" because "AlwaysCreate" was specified.
       ClCompile:
         C:\Program Files (x86)\Microsoft Visual Studio 10.0\VC\bin\CL.exe /c /IC:\lib /IC:\include /ZI /nologo /W3 /WX- /Od /Oy- /D WIN32 /D _DEBUG /D _CONSOLE /D _UNICODE /D UNICODE /Gm /EHsc /RTC1 /MDd /GS /fp:precise /Zc:wchar_t /Zc:forScope /Fo"Debug\\" /Fd"Debug\vc100.pdb" /Gd /TP /analyze- /errorReport:prompt BlockGame.cpp
         BlockGame.cpp
     1>c:\users\solution\documents\github\block_stack\project2\project2\blockgame.cpp(14): warning C4996: 'getch': The POSIX name for this item is deprecated. Instead, use the ISO C++ conformant name: _getch. See online help for details.
                 c:\program files (x86)\microsoft visual studio 10.0\vc\include\conio.h(128) : see declaration of 'getch'
     1>c:\users\solution\documents\github\block_stack\project2\project2\blockgame.cpp(20): warning C4996: 'getch': The POSIX name for this item is deprecated. Instead, use the ISO C++ conformant name: _getch. See online help for details.
                 c:\program files (x86)\microsoft visual studio 10.0\vc\include\conio.h(128) : see declaration of 'getch'
     1>c:\users\solution\documents\github\block_stack\project2\project2\blockgame.cpp(27): warning C4101: 'status' : unreferenced local variable
       ManifestResourceCompile:
         All outputs are up-to-date.
       Link:
         C:\Program Files (x86)\Microsoft Visual Studio 10.0\VC\bin\link.exe /ERRORREPORT:PROMPT /OUT:"C:\Users\solution\Documents\GitHub\Block_Stack\Project2\Debug\Project2.exe" /INCREMENTAL /NOLOGO kernel32.lib user32.lib gdi32.lib winspool.lib comdlg32.lib advapi32.lib shell32.lib ole32.lib oleaut32.lib uuid.lib odbc32.lib odbccp32.lib pthreadVC1.lib pthreadVSE1.lib kernel32.lib user32.lib gdi32.lib winspool.lib comdlg32.lib advapi32.lib shell32.lib ole32.lib oleaut32.lib uuid.lib odbc32.lib odbccp32.lib /MANIFEST /ManifestFile:"Debug\Project2.exe.intermediate.manifest" /MANIFESTUAC:"level='asInvoker' uiAccess='false'" /DEBUG /PDB:"C:\Users\solution\Documents\GitHub\Block_Stack\Project2\Debug\Project2.pdb" /SUBSYSTEM:CONSOLE /TLBID:1 /DYNAMICBASE /NXCOMPAT /IMPLIB:"C:\Users\solution\Documents\GitHub\Block_Stack\Project2\Debug\Project2.lib" /MACHINE:X86 Debug\Project2.exe.embed.manifest.res
         Debug\BlockGame.obj
         Debug\Main.obj
       Manifest:
         C:\Program Files (x86)\Microsoft SDKs\Windows\v7.0A\bin\mt.exe /nologo /verbose /out:"Debug\Project2.exe.embed.manifest" /manifest Debug\Project2.exe.intermediate.manifest
         All outputs are up-to-date.
       LinkEmbedManifest:
         All outputs are up-to-date.
         Project2.vcxproj -> C:\Users\solution\Documents\GitHub\Block_Stack\Project2\Debug\Project2.exe
       FinalizeBuildStatus:
         Deleting file "Debug\Project2.unsuccessfulbuild".
         Touching "Debug\Project2.lastbuildstate".
     1>Done Building Project "C:\Users\solution\Documents\GitHub\Block_Stack\Project2\Project2\Project2.vcxproj" (build target(s)).

Build succeeded.

Time Elapsed 00:00:01.31
